
=== Fri Jun 21 08:05:31 2019

Packages were changed.
Update Mode: mergeDefaultDependencies

The following packages were updated:
  com.unity.analytics from version 3.2.2 to 3.3.2
  com.unity.collab-proxy from version 1.2.9 to 1.2.16
  com.unity.package-manager-ui from version 2.1.1 to 2.1.2
  com.unity.purchasing from version 2.0.1 to 2.0.6
  com.unity.textmeshpro from version 1.3.0 to 2.0.1
  com.unity.timeline from version 0.0.0-builtin to 1.0.0

=== Fri Aug  2 12:50:05 2019

Packages were changed.
Update Mode: updateDependencies

The following packages were added:
  com.unity.2d.tilemap@1.0.0
  com.unity.ext.nunit@1.0.0
  com.unity.test-framework@1.0.13
  com.unity.2d.sprite@1.0.0
  com.unity.ide.vscode@1.0.7
  com.unity.ide.rider@1.0.8
  com.unity.ugui@1.0.0
  com.unity.modules.androidjni@1.0.0
The following packages were updated:
  com.unity.package-manager-ui from version 2.1.2 to 2.2.0

=== Thu Dec 16 09:23:45 2021

Packages were changed.
Update Mode: updateDependencies

The following packages were added:
  com.unity.ide.visualstudio@2.0.11
The following packages were updated:
  com.unity.cinemachine from version 2.3.4 to 2.5.0
  com.unity.ext.nunit from version 1.0.0 to 1.0.6
  com.unity.ide.rider from version 1.0.8 to 2.0.7
  com.unity.ide.vscode from version 1.0.7 to 1.2.4
  com.unity.test-framework from version 1.0.13 to 1.1.29
  com.unity.textmeshpro from version 2.0.1 to 3.0.6
The following packages were removed:
  com.unity.package-manager-ui@2.2.0

=== Tue Mar  8 08:25:35 2022

Packages were changed.
Update Mode: updateDependencies

The following packages were updated:
  com.unity.2d.animation from version 5.0.10 to 5.1.0
  com.unity.render-pipelines.universal from version 10.7.0 to 10.8.1
